<?xml version="1.0" encoding="UTF-8"?>
<!-- Generated by org.testng.reporters.JUnitXMLReporter -->
<testsuite hostname="DESKTOP-LBJPR90" ignored="2" name="Default test" tests="13" failures="0" timestamp="12 Jun 2019 16:51:28 GMT" time="13.452" errors="0">
  <testcase name="AutoCalculate1Test" time="1.285" classname="zClassCalcScnt.testLayer.NumPadFunTest"/>
  <testcase name="AutoCalculate2Test" time="1.284" classname="zClassCalcScnt.testLayer.NumPadFunTest"/>
  <testcase name="btn_EightTest" time="0.205" classname="zClassCalcScnt.testLayer.NumPadFunTest"/>
  <testcase name="btn_FiveTest" time="0.215" classname="zClassCalcScnt.testLayer.NumPadFunTest"/>
  <testcase name="btn_FourTest" time="0.176" classname="zClassCalcScnt.testLayer.NumPadFunTest"/>
  <testcase name="btn_NineTest" time="0.217" classname="zClassCalcScnt.testLayer.NumPadFunTest"/>
  <testcase name="btn_OneTest" time="0.188" classname="zClassCalcScnt.testLayer.NumPadFunTest"/>
  <testcase name="btn_SevenTest" time="0.143" classname="zClassCalcScnt.testLayer.NumPadFunTest"/>
  <testcase name="btn_SixTest" time="0.148" classname="zClassCalcScnt.testLayer.NumPadFunTest"/>
  <testcase name="btn_SqRtTest" time="0.166" classname="zClassCalcScnt.testLayer.NumPadFunTest"/>
  <testcase name="btn_ThreeTest" time="0.125" classname="zClassCalcScnt.testLayer.NumPadFunTest"/>
  <testcase name="btn_TwoTest" time="0.13" classname="zClassCalcScnt.testLayer.NumPadFunTest"/>
  <testcase name="numPadTitleTest" time="0.006" classname="zClassCalcScnt.testLayer.NumPadFunTest"/>
  <testcase name="btn_closeParent" time="0.0" classname="zClassCalcScnt.testLayer.NumPadFunTest">
    <ignored/>
  </testcase> <!-- btn_closeParent -->
  <testcase name="btn_openParent" time="0.0" classname="zClassCalcScnt.testLayer.NumPadFunTest">
    <ignored/>
  </testcase> <!-- btn_openParent -->
</testsuite> <!-- Default test -->
